

NEW SESSION

Updating Server About Stuff I have...
Done! Time taken = 0.014617431
Server Closed


NEW SESSION

Updating Server About Stuff I have...
Done! Time taken = 0.015925
Server Closed


NEW SESSION

Updating Server About Stuff I have...
Done! Time taken = 0.013559406
Server Closed


NEW SESSION

Updating Server About Stuff I have...
Done! Time taken = 0.013325089
Server Closed
Connecting with random user that has said info.
Found Connection: 127.0.0.1
Attempting to get file, starting timer...
Serving Stuff From My Data.
Successfully served file. Stats - 
Time taken = 0.037811023,   size = 257 bytes
Speed = 53
Got File!
Stats - Time = 0.082450429s, Size = 257bytes, Speed = 24Kbps.
Making new file
OOps
file:/home/vaishnav/workspace/The%20Outernet%20Project/cache/test.htm
Requested for epoch, server doesn't have entry.
